Arguments: 
  C:\Program Files\nodejs\node.exe C:\Users\ipetinate\AppData\Roaming\npm\node_modules\yarn\bin\yarn.js add @types/expressexpress body-parser mongoose nodemon

PATH: 
  C:\ProgramData\DockerDesktop\version-bin;C:\Program Files\Docker\Docker\Resources\bin;C:\WINDOWS\system32;C:\WINDOWS;C:\WINDOWS\System32\Wbem;C:\WINDOWS\System32\WindowsPowerShell\v1.0\;C:\Program Files (x86)\Microsoft SQL Server\Client SDK\ODBC\130\Tools\Binn\;C:\Program Files (x86)\Microsoft SQL Server\140\Tools\Binn\;C:\Program Files (x86)\Microsoft SQL Server\140\DTS\Binn\;C:\Program Files (x86)\Microsoft SQL Server\140\Tools\Binn\ManagementStudio\;C:\WINDOWS\System32\OpenSSH\;C:\Program Files\dotnet\;C:\Program Files\Microsoft SQL Server\130\Tools\Binn\;C:\Program Files\nodejs\;C:\Program Files\Git\cmd;C:\Users\ipetinate\AppData\Local\Microsoft\WindowsApps;C:\Users\ipetinate\AppData\Local\Programs\Microsoft VS Code\bin;C:\Users\ipetinate\AppData\Roaming\npm;C:\Users\ipetinate\AppData\Local\GitHubDesktop\bin;C:\Users\ipetinate\.dotnet\tools

Yarn version: 
  1.15.2

Node version: 
  10.15.3

Platform: 
  win32 x64

Trace: 
  Error: https://registry.yarnpkg.com/@types%2fexpressexpress: Not found
      at Request.params.callback [as _callback] (C:\Users\ipetinate\AppData\Roaming\npm\node_modules\yarn\lib\cli.js:66058:18)
      at Request.self.callback (C:\Users\ipetinate\AppData\Roaming\npm\node_modules\yarn\lib\cli.js:129541:22)
      at Request.emit (events.js:189:13)
      at Request.<anonymous> (C:\Users\ipetinate\AppData\Roaming\npm\node_modules\yarn\lib\cli.js:130513:10)
      at Request.emit (events.js:189:13)
      at IncomingMessage.<anonymous> (C:\Users\ipetinate\AppData\Roaming\npm\node_modules\yarn\lib\cli.js:130435:12)
      at Object.onceWrapper (events.js:277:13)
      at IncomingMessage.emit (events.js:194:15)
      at endReadableNT (_stream_readable.js:1125:12)
      at process._tickCallback (internal/process/next_tick.js:63:19)

npm manifest: 
  {
    "name": "NodeApi",
    "version": "1.0.0",
    "author": {
      "name": "Isac Petinate",
      "email": "ipetinate@outlook.com"
    },
    "description": "Web API with Node and TypeScript + MongoDB",
    "main": "main.ts",
    "repository": "https://github.com/IsacPetinate/node-api.git",
    "license": "MIT",
    "private": true
  }

yarn manifest: 
  No manifest

Lockfile: 
  No lockfile
